2026-07-03 20:32:17,452 INFO o.a.j.u.JMeterUtils: Setting Locale to en_EN
2026-07-03 20:32:17,467 INFO o.a.j.JMeter: Loading user properties from: /opt/homebrew/Cellar/jmeter/5.6.3/libexec/bin/user.properties
2026-07-03 20:32:17,468 INFO o.a.j.JMeter: Loading system properties from: /opt/homebrew/Cellar/jmeter/5.6.3/libexec/bin/system.properties
2026-07-03 20:32:17,471 INFO o.a.j.JMeter: Copyright (c) 1998-2024 The Apache Software Foundation
2026-07-03 20:32:17,471 INFO o.a.j.JMeter: Version 5.6.3
2026-07-03 20:32:17,471 INFO o.a.j.JMeter: java.version=21.0.11
2026-07-03 20:32:17,471 INFO o.a.j.JMeter: java.vm.name=OpenJDK 64-Bit Server VM
2026-07-03 20:32:17,471 INFO o.a.j.JMeter: os.name=Mac OS X
2026-07-03 20:32:17,471 INFO o.a.j.JMeter: os.arch=aarch64
2026-07-03 20:32:17,471 INFO o.a.j.JMeter: os.version=26.4.1
2026-07-03 20:32:17,471 INFO o.a.j.JMeter: file.encoding=UTF-8
2026-07-03 20:32:17,471 INFO o.a.j.JMeter: java.awt.headless=true
2026-07-03 20:32:17,471 INFO o.a.j.JMeter: Max memory     =1073741824
2026-07-03 20:32:17,471 INFO o.a.j.JMeter: Available Processors =8
2026-07-03 20:32:17,476 INFO o.a.j.JMeter: Default Locale=English (EN)
2026-07-03 20:32:17,477 INFO o.a.j.JMeter: JMeter  Locale=English (EN)
2026-07-03 20:32:17,477 INFO o.a.j.JMeter: JMeterHome=/opt/homebrew/Cellar/jmeter/5.6.3/libexec
2026-07-03 20:32:17,477 INFO o.a.j.JMeter: user.dir  =/Users/dekoding/Documents/Curso Lite Thinking/Reto Practico 5/qa-devops-ai-challenge
2026-07-03 20:32:17,477 INFO o.a.j.JMeter: PWD       =/Users/dekoding/Documents/Curso Lite Thinking/Reto Practico 5/qa-devops-ai-challenge
2026-07-03 20:32:17,485 INFO o.a.j.JMeter: IP: 127.0.0.1 Name: MacBook-Pro.local FullName: localhost
2026-07-03 20:32:17,493 INFO o.a.j.JMeter: Setting property 'jmeter.reportgenerator.outputdir' to:'/Users/dekoding/Documents/Curso Lite Thinking/Reto Practico 5/qa-devops-ai-challenge/evidences/jmeter-report'
2026-07-03 20:32:17,496 INFO o.a.j.s.FileServer: Default base='/Users/dekoding/Documents/Curso Lite Thinking/Reto Practico 5/qa-devops-ai-challenge'
2026-07-03 20:32:17,496 INFO o.a.j.s.FileServer: Set new base='/Users/dekoding/Documents/Curso Lite Thinking/Reto Practico 5/qa-devops-ai-challenge/performance/jmeter'
2026-07-03 20:32:17,594 INFO o.a.j.s.SaveService: Testplan (JMX) version: 2.2. Testlog (JTL) version: 2.2
2026-07-03 20:32:17,616 INFO o.a.j.s.SaveService: Using SaveService properties version 5.0
2026-07-03 20:32:17,618 INFO o.a.j.s.SaveService: Using SaveService properties file encoding UTF-8
2026-07-03 20:32:17,619 INFO o.a.j.s.SaveService: Loading file: performance/jmeter/jsonplaceholder-test-plan.jmx
2026-07-03 20:32:17,662 INFO o.a.j.p.h.s.HTTPSamplerBase: Parser for text/html is org.apache.jmeter.protocol.http.parser.LagartoBasedHtmlParser
2026-07-03 20:32:17,662 INFO o.a.j.p.h.s.HTTPSamplerBase: Parser for application/xhtml+xml is org.apache.jmeter.protocol.http.parser.LagartoBasedHtmlParser
2026-07-03 20:32:17,662 INFO o.a.j.p.h.s.HTTPSamplerBase: Parser for application/xml is org.apache.jmeter.protocol.http.parser.LagartoBasedHtmlParser
2026-07-03 20:32:17,662 INFO o.a.j.p.h.s.HTTPSamplerBase: Parser for text/xml is org.apache.jmeter.protocol.http.parser.LagartoBasedHtmlParser
2026-07-03 20:32:17,662 INFO o.a.j.p.h.s.HTTPSamplerBase: Parser for text/vnd.wap.wml is org.apache.jmeter.protocol.http.parser.RegexpHTMLParser
2026-07-03 20:32:17,662 INFO o.a.j.p.h.s.HTTPSamplerBase: Parser for text/css is org.apache.jmeter.protocol.http.parser.CssParser
2026-07-03 20:32:17,685 INFO o.a.j.JMeter: Creating summariser <summary>
2026-07-03 20:32:17,695 INFO o.a.j.r.d.ReportGenerator: ReportGenerator will use for Parsing the separator: ','
2026-07-03 20:32:17,695 INFO o.a.j.r.d.ReportGenerator: Will generate report at end of test from  results file: evidences/jmeter-results.jtl
2026-07-03 20:32:17,696 INFO o.a.j.r.d.ReportGenerator: Reading report generator properties from: /opt/homebrew/Cellar/jmeter/5.6.3/libexec/bin/reportgenerator.properties
2026-07-03 20:32:17,696 INFO o.a.j.r.d.ReportGenerator: Merging with JMeter properties
2026-07-03 20:32:17,699 INFO o.a.j.r.c.ReportGeneratorConfiguration: Property 'jmeter.reportgenerator.temp_dir' not found, using default value 'temp' instead.
2026-07-03 20:32:17,700 INFO o.a.j.r.c.ReportGeneratorConfiguration: Property 'jmeter.reportgenerator.apdex_per_transaction' not found, using default value 'null' instead.
2026-07-03 20:32:17,700 INFO o.a.j.r.c.ReportGeneratorConfiguration: apdex_per_transaction is empty, not APDEX per transaction customization
2026-07-03 20:32:17,700 INFO o.a.j.r.c.ReportGeneratorConfiguration: Property 'jmeter.reportgenerator.sample_filter' not found, using default value 'null' instead.
2026-07-03 20:32:17,701 INFO o.a.j.r.c.ReportGeneratorConfiguration: Property 'jmeter.reportgenerator.report_title' not found, using default value 'null' instead.
2026-07-03 20:32:17,701 INFO o.a.j.r.c.ReportGeneratorConfiguration: Property 'jmeter.reportgenerator.start_date' not found, using default value 'null' instead.
2026-07-03 20:32:17,701 INFO o.a.j.r.c.ReportGeneratorConfiguration: Property 'jmeter.reportgenerator.end_date' not found, using default value 'null' instead.
2026-07-03 20:32:17,701 INFO o.a.j.r.c.ReportGeneratorConfiguration: Property 'jmeter.reportgenerator.date_format' not found, using default value 'null' instead.
2026-07-03 20:32:17,701 INFO o.a.j.r.c.ReportGeneratorConfiguration: Will use date range start date: null, end date: null
2026-07-03 20:32:17,703 INFO o.a.j.r.c.ReportGeneratorConfiguration: Property 'jmeter.reportgenerator.graph.totalTPS.exclude_controllers' not found, using default value 'false' instead.
2026-07-03 20:32:17,703 INFO o.a.j.r.c.ReportGeneratorConfiguration: Property 'jmeter.reportgenerator.graph.activeThreadsOverTime.exclude_controllers' not found, using default value 'false' instead.
2026-07-03 20:32:17,703 INFO o.a.j.r.c.ReportGeneratorConfiguration: Property 'jmeter.reportgenerator.graph.timeVsThreads.exclude_controllers' not found, using default value 'false' instead.
2026-07-03 20:32:17,703 INFO o.a.j.r.c.ReportGeneratorConfiguration: Property 'jmeter.reportgenerator.graph.responseTimeDistribution.exclude_controllers' not found, using default value 'false' instead.
2026-07-03 20:32:17,703 INFO o.a.j.r.c.ReportGeneratorConfiguration: Property 'jmeter.reportgenerator.graph.transactionsPerSecond.exclude_controllers' not found, using default value 'false' instead.
2026-07-03 20:32:17,704 INFO o.a.j.r.c.ReportGeneratorConfiguration: Property 'jmeter.reportgenerator.graph.responseTimePercentiles.exclude_controllers' not found, using default value 'false' instead.
2026-07-03 20:32:17,704 INFO o.a.j.r.c.ReportGeneratorConfiguration: Property 'jmeter.reportgenerator.graph.responseTimePercentilesOverTime.exclude_controllers' not found, using default value 'false' instead.
2026-07-03 20:32:17,704 INFO o.a.j.r.c.ReportGeneratorConfiguration: Property 'jmeter.reportgenerator.graph.responseTimesOverTime.exclude_controllers' not found, using default value 'false' instead.
2026-07-03 20:32:17,704 INFO o.a.j.r.c.ReportGeneratorConfiguration: Property 'jmeter.reportgenerator.graph.connectTimeOverTime.exclude_controllers' not found, using default value 'false' instead.
2026-07-03 20:32:17,704 INFO o.a.j.r.c.ReportGeneratorConfiguration: Property 'jmeter.reportgenerator.graph.latenciesOverTime.exclude_controllers' not found, using default value 'false' instead.
2026-07-03 20:32:17,704 INFO o.a.j.r.c.ReportGeneratorConfiguration: Property 'jmeter.reportgenerator.exporter.json.filters_only_sample_series' not found, using default value 'true' instead.
2026-07-03 20:32:17,704 INFO o.a.j.r.c.ReportGeneratorConfiguration: Property 'jmeter.reportgenerator.exporter.json.series_filter' not found, using default value '' instead.
2026-07-03 20:32:17,704 INFO o.a.j.r.c.ReportGeneratorConfiguration: Property 'jmeter.reportgenerator.exporter.json.show_controllers_only' not found, using default value 'false' instead.
2026-07-03 20:32:17,704 INFO o.a.j.r.c.ReportGeneratorConfiguration: Property 'jmeter.reportgenerator.exporter.html.filters_only_sample_series' not found, using default value 'true' instead.
2026-07-03 20:32:17,704 INFO o.a.j.r.c.ReportGeneratorConfiguration: Property 'jmeter.reportgenerator.exporter.html.series_filter' not found, using default value '' instead.
2026-07-03 20:32:17,704 INFO o.a.j.r.c.ReportGeneratorConfiguration: Property 'jmeter.reportgenerator.exporter.html.show_controllers_only' not found, using default value 'false' instead.
2026-07-03 20:32:17,711 INFO o.a.j.e.StandardJMeterEngine: Running the test!
2026-07-03 20:32:17,712 INFO o.a.j.s.SampleEvent: List of sample_variables: []
2026-07-03 20:32:17,712 INFO o.a.j.s.SampleEvent: List of sample_variables: []
2026-07-03 20:32:17,714 INFO o.a.j.e.u.CompoundVariable: Note: Function class names must contain the string: '.functions.'
2026-07-03 20:32:17,714 INFO o.a.j.e.u.CompoundVariable: Note: Function class names must not contain the string: '.gui.'
2026-07-03 20:32:17,750 INFO o.a.j.r.ClassFinder: Will scan jar /opt/homebrew/Cellar/jmeter/5.6.3/libexec/lib/ext/jmeter-plugins-manager-1.9.jar with filter ExtendsClassFilter [parents=[interface org.apache.jmeter.functions.Function], inner=false, contains=null, notContains=null]. Consider exposing JMeter plugins via META-INF/services, and add JMeter-Skip-Class-Scanning=true manifest attribute so JMeter can skip classfile scanning
2026-07-03 20:32:17,809 INFO o.a.j.JMeter: Running test (1783128737809)
2026-07-03 20:32:17,819 INFO o.a.j.e.StandardJMeterEngine: Starting ThreadGroup: 1 : Escenario 1 - Consulta de Posts
2026-07-03 20:32:17,819 INFO o.a.j.e.StandardJMeterEngine: Starting 10 threads for group Escenario 1 - Consulta de Posts.
2026-07-03 20:32:17,819 INFO o.a.j.e.StandardJMeterEngine: Thread will continue on error
2026-07-03 20:32:17,819 INFO o.a.j.t.ThreadGroup: Starting thread group... number=1 threads=10 ramp-up=10 delayedStart=false
2026-07-03 20:32:17,823 INFO o.a.j.t.JMeterThread: Thread started: Escenario 1 - Consulta de Posts 1-1
2026-07-03 20:32:17,825 INFO o.a.j.t.ThreadGroup: Started thread group number 1
2026-07-03 20:32:17,825 INFO o.a.j.e.StandardJMeterEngine: Starting ThreadGroup: 2 : Escenario 2 - Flujo Simulado de Compra
2026-07-03 20:32:17,825 INFO o.a.j.e.StandardJMeterEngine: Starting 5 threads for group Escenario 2 - Flujo Simulado de Compra.
2026-07-03 20:32:17,825 INFO o.a.j.e.StandardJMeterEngine: Thread will continue on error
2026-07-03 20:32:17,825 INFO o.a.j.t.ThreadGroup: Starting thread group... number=2 threads=5 ramp-up=5 delayedStart=false
2026-07-03 20:32:17,825 INFO o.a.j.t.JMeterThread: Thread started: Escenario 2 - Flujo Simulado de Compra 2-1
2026-07-03 20:32:17,827 INFO o.a.j.t.ThreadGroup: Started thread group number 2
2026-07-03 20:32:17,827 INFO o.a.j.e.StandardJMeterEngine: All thread groups have been started
2026-07-03 20:32:18,828 INFO o.a.j.t.JMeterThread: Thread started: Escenario 1 - Consulta de Posts 1-2
2026-07-03 20:32:18,828 INFO o.a.j.t.JMeterThread: Thread started: Escenario 2 - Flujo Simulado de Compra 2-2
2026-07-03 20:32:18,849 INFO o.a.j.p.h.s.HTTPHCAbstractImpl: Local host = MacBook-Pro.local
2026-07-03 20:32:18,854 INFO o.a.j.p.h.s.HTTPHC4Impl: HTTP request retry count = 0
2026-07-03 20:32:18,855 INFO o.a.j.s.SampleResult: Note: Sample TimeStamps are START times
2026-07-03 20:32:18,856 INFO o.a.j.s.SampleResult: sampleresult.default.encoding is set to UTF-8
2026-07-03 20:32:18,856 INFO o.a.j.s.SampleResult: sampleresult.useNanoTime=true
2026-07-03 20:32:18,856 INFO o.a.j.s.SampleResult: sampleresult.nanoThreadSleep=5000
2026-07-03 20:32:18,918 INFO o.a.j.p.h.s.h.LazyLayeredConnectionSocketFactory: Setting up HTTPS TrustAll Socket Factory
2026-07-03 20:32:18,926 INFO o.a.j.u.JsseSSLManager: Using default SSL protocol: TLS
2026-07-03 20:32:18,926 INFO o.a.j.u.JsseSSLManager: SSL session context: per-thread
2026-07-03 20:32:19,058 INFO o.a.j.u.SSLManager: JmeterKeyStore Location:  type JKS
2026-07-03 20:32:19,060 INFO o.a.j.u.SSLManager: KeyStore created OK
2026-07-03 20:32:19,060 WARN o.a.j.u.SSLManager: Keystore file not found, loading empty keystore
2026-07-03 20:32:19,828 INFO o.a.j.t.JMeterThread: Thread started: Escenario 1 - Consulta de Posts 1-3
2026-07-03 20:32:19,830 INFO o.a.j.t.JMeterThread: Thread started: Escenario 2 - Flujo Simulado de Compra 2-3
2026-07-03 20:32:20,825 INFO o.a.j.t.JMeterThread: Thread started: Escenario 1 - Consulta de Posts 1-4
2026-07-03 20:32:20,831 INFO o.a.j.t.JMeterThread: Thread started: Escenario 2 - Flujo Simulado de Compra 2-4
2026-07-03 20:32:21,823 INFO o.a.j.t.JMeterThread: Thread started: Escenario 1 - Consulta de Posts 1-5
2026-07-03 20:32:21,831 INFO o.a.j.t.JMeterThread: Thread started: Escenario 2 - Flujo Simulado de Compra 2-5
2026-07-03 20:32:22,825 INFO o.a.j.t.JMeterThread: Thread started: Escenario 1 - Consulta de Posts 1-6
2026-07-03 20:32:23,825 INFO o.a.j.t.JMeterThread: Thread started: Escenario 1 - Consulta de Posts 1-7
2026-07-03 20:32:24,822 INFO o.a.j.t.JMeterThread: Thread started: Escenario 1 - Consulta de Posts 1-8
2026-07-03 20:32:25,822 INFO o.a.j.t.JMeterThread: Thread started: Escenario 1 - Consulta de Posts 1-9
2026-07-03 20:32:26,821 INFO o.a.j.t.JMeterThread: Thread started: Escenario 1 - Consulta de Posts 1-10
2026-07-03 20:32:30,089 INFO o.a.j.r.Summariser: summary +     92 in 00:00:12 =    7.5/s Avg:   136 Min:    90 Max:   486 Err:     0 (0.00%) Active: 15 Started: 15 Finished: 0
2026-07-03 20:32:34,910 INFO o.a.j.t.JMeterThread: Thread is done: Escenario 1 - Consulta de Posts 1-1
2026-07-03 20:32:34,910 INFO o.a.j.t.JMeterThread: Thread finished: Escenario 1 - Consulta de Posts 1-1
2026-07-03 20:32:35,613 INFO o.a.j.t.JMeterThread: Thread is done: Escenario 1 - Consulta de Posts 1-2
2026-07-03 20:32:35,613 INFO o.a.j.t.JMeterThread: Thread finished: Escenario 1 - Consulta de Posts 1-2
2026-07-03 20:32:36,585 INFO o.a.j.t.JMeterThread: Thread is done: Escenario 1 - Consulta de Posts 1-3
2026-07-03 20:32:36,585 INFO o.a.j.t.JMeterThread: Thread finished: Escenario 1 - Consulta de Posts 1-3
2026-07-03 20:32:37,363 INFO o.a.j.t.JMeterThread: Thread is done: Escenario 2 - Flujo Simulado de Compra 2-1
2026-07-03 20:32:37,363 INFO o.a.j.t.JMeterThread: Thread finished: Escenario 2 - Flujo Simulado de Compra 2-1
2026-07-03 20:32:37,598 INFO o.a.j.t.JMeterThread: Thread is done: Escenario 1 - Consulta de Posts 1-4
2026-07-03 20:32:37,598 INFO o.a.j.t.JMeterThread: Thread finished: Escenario 1 - Consulta de Posts 1-4
2026-07-03 20:32:38,404 INFO o.a.j.t.JMeterThread: Thread is done: Escenario 2 - Flujo Simulado de Compra 2-2
2026-07-03 20:32:38,404 INFO o.a.j.t.JMeterThread: Thread finished: Escenario 2 - Flujo Simulado de Compra 2-2
2026-07-03 20:32:38,561 INFO o.a.j.t.JMeterThread: Thread is done: Escenario 1 - Consulta de Posts 1-5
2026-07-03 20:32:38,561 INFO o.a.j.t.JMeterThread: Thread finished: Escenario 1 - Consulta de Posts 1-5
2026-07-03 20:32:39,385 INFO o.a.j.t.JMeterThread: Thread is done: Escenario 2 - Flujo Simulado de Compra 2-3
2026-07-03 20:32:39,387 INFO o.a.j.t.JMeterThread: Thread finished: Escenario 2 - Flujo Simulado de Compra 2-3
2026-07-03 20:32:39,582 INFO o.a.j.t.JMeterThread: Thread is done: Escenario 1 - Consulta de Posts 1-6
2026-07-03 20:32:39,583 INFO o.a.j.t.JMeterThread: Thread finished: Escenario 1 - Consulta de Posts 1-6
2026-07-03 20:32:40,393 INFO o.a.j.t.JMeterThread: Thread is done: Escenario 2 - Flujo Simulado de Compra 2-4
2026-07-03 20:32:40,393 INFO o.a.j.t.JMeterThread: Thread finished: Escenario 2 - Flujo Simulado de Compra 2-4
2026-07-03 20:32:40,555 INFO o.a.j.t.JMeterThread: Thread is done: Escenario 1 - Consulta de Posts 1-7
2026-07-03 20:32:40,556 INFO o.a.j.t.JMeterThread: Thread finished: Escenario 1 - Consulta de Posts 1-7
2026-07-03 20:32:41,384 INFO o.a.j.t.JMeterThread: Thread is done: Escenario 2 - Flujo Simulado de Compra 2-5
2026-07-03 20:32:41,384 INFO o.a.j.t.JMeterThread: Thread finished: Escenario 2 - Flujo Simulado de Compra 2-5
2026-07-03 20:32:41,511 INFO o.a.j.t.JMeterThread: Thread is done: Escenario 1 - Consulta de Posts 1-8
2026-07-03 20:32:41,511 INFO o.a.j.t.JMeterThread: Thread finished: Escenario 1 - Consulta de Posts 1-8
2026-07-03 20:32:42,613 INFO o.a.j.t.JMeterThread: Thread is done: Escenario 1 - Consulta de Posts 1-9
2026-07-03 20:32:42,613 INFO o.a.j.t.JMeterThread: Thread finished: Escenario 1 - Consulta de Posts 1-9
2026-07-03 20:32:43,562 INFO o.a.j.t.JMeterThread: Thread is done: Escenario 1 - Consulta de Posts 1-10
2026-07-03 20:32:43,563 INFO o.a.j.t.JMeterThread: Thread finished: Escenario 1 - Consulta de Posts 1-10
2026-07-03 20:32:43,563 INFO o.a.j.e.StandardJMeterEngine: Notifying test listeners of end of test
2026-07-03 20:32:43,566 INFO o.a.j.r.Summariser: summary +    118 in 00:00:13 =    8.8/s Avg:   100 Min:    90 Max:   125 Err:     0 (0.00%) Active: 0 Started: 15 Finished: 15
2026-07-03 20:32:43,566 INFO o.a.j.r.Summariser: summary =    210 in 00:00:26 =    8.2/s Avg:   116 Min:    90 Max:   486 Err:     0 (0.00%)
2026-07-03 20:32:43,567 INFO o.a.j.JMeter: Generating Dashboard
2026-07-03 20:32:43,567 INFO o.a.j.r.d.ReportGenerator: Flushing result collector before report Generation
2026-07-03 20:32:43,583 INFO o.a.j.r.p.NormalizerSampleConsumer: Using format, 'ms', to parse timeStamp field
2026-07-03 20:32:43,639 INFO o.a.j.r.p.AbstractSampleConsumer: class org.apache.jmeter.report.processor.AggregateConsumer#stopProducing(): beginDate produced 0 samples
2026-07-03 20:32:43,639 INFO o.a.j.r.p.AbstractSampleConsumer: class org.apache.jmeter.report.processor.AggregateConsumer#stopProducing(): endDate produced 0 samples
2026-07-03 20:32:43,641 INFO o.a.j.r.p.AbstractSampleConsumer: class org.apache.jmeter.report.processor.ApdexSummaryConsumer#stopProducing(): apdexSummary produced 0 samples
2026-07-03 20:32:43,641 INFO o.a.j.r.p.AbstractSampleConsumer: class org.apache.jmeter.report.processor.RequestsSummaryConsumer#stopProducing(): requestsSummary produced 0 samples
2026-07-03 20:32:43,644 INFO o.a.j.r.p.AbstractSampleConsumer: class org.apache.jmeter.report.processor.StatisticsSummaryConsumer#stopProducing(): statisticsSummary produced 0 samples
2026-07-03 20:32:43,645 INFO o.a.j.r.p.AbstractSampleConsumer: class org.apache.jmeter.report.processor.Top5ErrorsBySamplerConsumer#stopProducing(): top5ErrorsBySampler produced 0 samples
2026-07-03 20:32:43,645 INFO o.a.j.r.p.AbstractSampleConsumer: class org.apache.jmeter.report.processor.ErrorsSummaryConsumer#stopProducing(): errorsSummary produced 0 samples
2026-07-03 20:32:43,645 INFO o.a.j.r.p.AbstractSampleConsumer: class org.apache.jmeter.report.processor.graph.impl.HitsPerSecondGraphConsumer#stopProducing(): hitsPerSecond produced 0 samples
2026-07-03 20:32:43,656 INFO o.a.j.r.p.AbstractSampleConsumer: class org.apache.jmeter.report.processor.graph.impl.LatencyVSRequestGraphConsumer#stopProducing(): latencyVsRequest produced 0 samples
2026-07-03 20:32:43,657 INFO o.a.j.r.p.AbstractSampleConsumer: class org.apache.jmeter.report.processor.graph.impl.SyntheticResponseTimeDistributionGraphConsumer#stopProducing(): syntheticResponseTimeDistribution produced 0 samples
2026-07-03 20:32:43,657 INFO o.a.j.r.p.AbstractSampleConsumer: class org.apache.jmeter.report.processor.graph.impl.BytesThroughputGraphConsumer#stopProducing(): bytesThroughputOverTime produced 0 samples
2026-07-03 20:32:43,657 INFO o.a.j.r.p.AbstractSampleConsumer: class org.apache.jmeter.report.processor.graph.impl.CodesPerSecondGraphConsumer#stopProducing(): codesPerSecond produced 0 samples
2026-07-03 20:32:43,661 INFO o.a.j.r.p.AbstractSampleConsumer: class org.apache.jmeter.report.processor.graph.impl.ResponseTimeVSRequestGraphConsumer#stopProducing(): responseTimeVsRequest produced 0 samples
2026-07-03 20:32:43,661 INFO o.a.j.r.p.AbstractSampleConsumer: class org.apache.jmeter.report.processor.FilterConsumer#stopProducing(): startIntervalControlerFilter produced 1470 samples
2026-07-03 20:32:43,661 INFO o.a.j.r.p.AbstractSampleConsumer: class org.apache.jmeter.report.processor.graph.impl.TotalTPSGraphConsumer#stopProducing(): totalTPS produced 0 samples
2026-07-03 20:32:43,661 INFO o.a.j.r.p.AbstractSampleConsumer: class org.apache.jmeter.report.processor.graph.impl.ActiveThreadsGraphConsumer#stopProducing(): activeThreadsOverTime produced 0 samples
2026-07-03 20:32:43,661 INFO o.a.j.r.p.AbstractSampleConsumer: class org.apache.jmeter.report.processor.graph.impl.TimeVSThreadGraphConsumer#stopProducing(): timeVsThreads produced 0 samples
2026-07-03 20:32:43,662 INFO o.a.j.r.p.AbstractSampleConsumer: class org.apache.jmeter.report.processor.graph.impl.ResponseTimeDistributionGraphConsumer#stopProducing(): responseTimeDistribution produced 0 samples
2026-07-03 20:32:43,662 INFO o.a.j.r.p.AbstractSampleConsumer: class org.apache.jmeter.report.processor.graph.impl.TransactionsPerSecondGraphConsumer#stopProducing(): transactionsPerSecond produced 0 samples
2026-07-03 20:32:43,662 INFO o.a.j.r.p.AbstractSampleConsumer: class org.apache.jmeter.report.processor.graph.impl.ResponseTimePercentilesGraphConsumer#stopProducing(): responseTimePercentiles produced 0 samples
2026-07-03 20:32:43,663 INFO o.a.j.r.p.AbstractSampleConsumer: class org.apache.jmeter.report.processor.graph.impl.ResponseTimePercentilesOverTimeGraphConsumer#stopProducing(): responseTimePercentilesOverTime produced 0 samples
2026-07-03 20:32:43,663 INFO o.a.j.r.p.AbstractSampleConsumer: class org.apache.jmeter.report.processor.graph.impl.ResponseTimeOverTimeGraphConsumer#stopProducing(): responseTimesOverTime produced 0 samples
2026-07-03 20:32:43,664 INFO o.a.j.r.p.AbstractSampleConsumer: class org.apache.jmeter.report.processor.graph.impl.ConnectTimeOverTimeGraphConsumer#stopProducing(): connectTimeOverTime produced 0 samples
2026-07-03 20:32:43,664 INFO o.a.j.r.p.AbstractSampleConsumer: class org.apache.jmeter.report.processor.graph.impl.LatencyOverTimeGraphConsumer#stopProducing(): latenciesOverTime produced 0 samples
2026-07-03 20:32:43,664 INFO o.a.j.r.p.AbstractSampleConsumer: class org.apache.jmeter.report.processor.FilterConsumer#stopProducing(): nameFilter produced 3150 samples
2026-07-03 20:32:43,664 INFO o.a.j.r.p.AbstractSampleConsumer: class org.apache.jmeter.report.processor.FilterConsumer#stopProducing(): dateRangeFilter produced 630 samples
2026-07-03 20:32:43,664 INFO o.a.j.r.p.AbstractSampleConsumer: class org.apache.jmeter.report.processor.NormalizerSampleConsumer#stopProducing(): normalizer produced 210 samples
2026-07-03 20:32:43,664 INFO o.a.j.r.p.CsvFileSampleSource: produce(): 210 samples produced in 61ms on channel 0
2026-07-03 20:32:43,664 INFO o.a.j.r.d.ReportGenerator: Exporting data using exporter:'json' of className:'org.apache.jmeter.report.dashboard.JsonExporter'
2026-07-03 20:32:43,719 INFO o.a.j.r.d.JsonExporter: Found data for consumer statisticsSummary in context
2026-07-03 20:32:43,719 INFO o.a.j.r.d.JsonExporter: Creating statistics for overall
2026-07-03 20:32:43,719 INFO o.a.j.r.d.JsonExporter: Creating statistics for other transactions
2026-07-03 20:32:43,719 INFO o.a.j.r.d.JsonExporter: Checking output folder
2026-07-03 20:32:43,720 INFO o.a.j.r.d.JsonExporter: Writing statistics JSON to /Users/dekoding/Documents/Curso Lite Thinking/Reto Practico 5/qa-devops-ai-challenge/evidences/jmeter-report/statistics.json
2026-07-03 20:32:43,743 INFO o.a.j.r.d.ReportGenerator: Exporting data using exporter:'html' of className:'org.apache.jmeter.report.dashboard.HtmlTemplateExporter'
2026-07-03 20:32:43,744 INFO o.a.j.r.d.HtmlTemplateExporter: Will generate dashboard in folder: /Users/dekoding/Documents/Curso Lite Thinking/Reto Practico 5/qa-devops-ai-challenge/evidences/jmeter-report
2026-07-03 20:32:43,805 INFO o.a.j.r.d.HtmlTemplateExporter: Report will be generated in: /Users/dekoding/Documents/Curso Lite Thinking/Reto Practico 5/qa-devops-ai-challenge/evidences/jmeter-report, creating folder structure
2026-07-03 20:32:43,806 INFO o.a.j.r.d.TemplateVisitor: Copying folder from '/opt/homebrew/Cellar/jmeter/5.6.3/libexec/bin/report-template' to '/Users/dekoding/Documents/Curso Lite Thinking/Reto Practico 5/qa-devops-ai-challenge/evidences/jmeter-report', got message: /Users/dekoding/Documents/Curso Lite Thinking/Reto Practico 5/qa-devops-ai-challenge/evidences/jmeter-report, found non empty folder with following content [/Users/dekoding/Documents/Curso Lite Thinking/Reto Practico 5/qa-devops-ai-challenge/evidences/jmeter-report/statistics.json], will be ignored
2026-07-03 20:32:43,969 INFO o.a.j.JMeter: Dashboard generated
